<?xml version="1.0" encoding="UTF-8"?><testsuite errors="0" failures="0" name="com.localhost3030.productInfo.ProductCRUDTest" skipped="0" tests="5" time="2.94" timestamp="2022-10-05T16:47:18.750+01:00[Europe/London]"><testcase classname="com.localhost3030.productInfo.ProductCRUDTest" name="This will give list of Products"/><testcase classname="com.localhost3030.productInfo.ProductCRUDTest" name="This will create a new prodct"/><testcase classname="com.localhost3030.productInfo.ProductCRUDTest" name="Verify if product is created"/><testcase classname="com.localhost3030.productInfo.ProductCRUDTest" name="Update the product and verify the updated info"/><testcase classname="com.localhost3030.productInfo.ProductCRUDTest" name="Delete the product and verify if the product is deleted"/></testsuite>