<?xml version="1.0" encoding="UTF-8"?><testsuite errors="0" failures="0" name="com.localhost3030.productInfo.ProductCRUDTestWithSteps" skipped="0" tests="5" time="2.97" timestamp="2022-10-05T16:47:35.875+01:00[Europe/London]"><testcase classname="com.localhost3030.productInfo.ProductCRUDTestWithSteps" name="This will get list of Products"/><testcase classname="com.localhost3030.productInfo.ProductCRUDTestWithSteps" name="This will create a new product"/><testcase classname="com.localhost3030.productInfo.ProductCRUDTestWithSteps" name="Verify if product is created"/><testcase classname="com.localhost3030.productInfo.ProductCRUDTestWithSteps" name="Update the product and verify the updated info"/><testcase classname="com.localhost3030.productInfo.ProductCRUDTestWithSteps" name="Delete product info by ProductId and verify its deleted"/></testsuite>